app/seeds.txt
com.app.feng.sendfestivalsmsdemo.R$anim: int abc_fade_in
com.app.feng.sendfestivalsmsdemo.R$anim: int abc_fade_out
com.app.feng.sendfestivalsmsdemo.R$anim: int abc_grow_fade_in_from_bottom
com.app.feng.sendfestivalsmsdemo.R$anim: int abc_popup_enter
com.app.feng.sendfestivalsmsdemo.R$anim: int abc_popup_exit
com.app.feng.sendfestivalsmsdemo.R$anim: int abc_shrink_fade_out_from_bottom
com.app.feng.sendfestivalsmsdemo.R$anim: int abc_slide_in_bottom
com.app.feng.sendfestivalsmsdemo.R$anim: int abc_slide_in_top
com.app.feng.sendfestivalsmsdemo.R$anim: int abc_slide_out_bottom
com.app.feng.sendfestivalsmsdemo.R$anim: int abc_slide_out_top
com.app.feng.sendfestivalsmsdemo.R$anim: int fab_in
com.app.feng.sendfestivalsmsdemo.R$anim: int fab_out
com.app.feng.sendfestivalsmsdemo.R$anim: int snackbar_in
com.app.feng.sendfestivalsmsdemo.R$anim: int snackbar_out
com.app.feng.sendfestivalsmsdemo.R$attr: int actionBarDivider
com.app.feng.sendfestivalsmsdemo.R$attr: int actionBarItemBackground
com.app.feng.sendfestivalsmsdemo.R$attr: int actionBarPopupTheme
com.app.feng.sendfestivalsmsdemo.R$attr: int actionBarSize
com.app.feng.sendfestivalsmsdemo.R$attr: int actionBarSplitStyle
com.app.feng.sendfestivalsmsdemo.R$attr: int actionBarStyle
com.app.feng.sendfestivalsmsdemo.R$attr: int actionBarTabBarStyle
com.app.feng.sendfestivalsmsdemo.R$attr: int actionBarTabStyle
com.app.feng.sendfestivalsmsdemo.R$attr: int actionBarTabTextStyle
com.app.feng.sendfestivalsmsdemo.R$attr: int actionBarTheme
com.app.feng.sendfestivalsmsdemo.R$attr: int actionBarWidgetTheme
com.app.feng.sendfestivalsmsdemo.R$attr: int actionButtonStyle
com.app.feng.sendfestivalsmsdemo.R$attr: int actionDropDownStyle
com.app.feng.sendfestivalsmsdemo.R$attr: int actionLayout
com.app.feng.sendfestivalsmsdemo.R$attr: int actionMenuTextAppearance
com.app.feng.sendfestivalsmsdemo.R$attr: int actionMenuTextColor
com.app.feng.sendfestivalsmsdemo.R$attr: int actionModeBackground
com.app.feng.sendfestivalsmsdemo.R$attr: int actionModeCloseButtonStyle
com.app.feng.sendfestivalsmsdemo.R$attr: int actionModeCloseDrawable
com.app.feng.sendfestivalsmsdemo.R$attr: int actionModeCopyDrawable
com.app.feng.sendfestivalsmsdemo.R$attr: int actionModeCutDrawable
com.app.feng.sendfestivalsmsdemo.R$attr: int actionModeFindDrawable
com.app.feng.sendfestivalsmsdemo.R$bool: int abc_action_bar_embed_tabs
com.app.feng.sendfestivalsmsdemo.R$bool: int abc_action_bar_embed_tabs_pre_jb
com.app.feng.sendfestivalsmsdemo.R$bool: int abc_action_bar_expanded_action_views_exclusive
com.app.feng.sendfestivalsmsdemo.R$bool: int abc_config_actionMenuItemAllCaps
com.app.feng.sendfestivalsmsdemo.R$bool: int abc_config_allowActionMenuItemTextWithIcon
com.app.feng.sendfestivalsmsdemo.R$bool: int abc_config_closeDialogWhenTouchOutside
com.app.feng.sendfestivalsmsdemo.R$bool: int abc_config_showMenuShortcutsWhenKeyboardPresent
...
com.app.feng.treelistview.R$anim: int abc_fade_in
com.app.feng.treelistview.R$anim: int abc_fade_out
com.app.feng.treelistview.R$anim: int abc_grow_fade_in_from_bottom
com.app.feng.treelistview.R$anim: int abc_popup_enter
com.app.feng.treelistview.R$anim: int abc_popup_exit
com.app.feng.treelistview.R$anim: int abc_shrink_fade_out_from_bottom
com.app.feng.treelistview.R$anim: int abc_slide_in_bottom
com.app.feng.treelistview.R$anim: int abc_slide_in_top
com.app.feng.treelistview.R$anim: int abc_slide_out_bottom
com.app.feng.treelistview.R$anim: int abc_slide_out_top
com.app.feng.treelistview.R$attr: int actionBarDivider
com.app.feng.treelistview.R$attr: int actionBarItemBackground
com.app.feng.treelistview.R$attr: int actionBarPopupTheme
com.app.feng.treelistview.R$attr: int actionBarSize
com.app.feng.treelistview.R$attr: int actionBarSplitStyle
com.app.feng.treelistview.R$attr: int actionBarStyle
com.app.feng.treelistview.R$attr: int actionBarTabBarStyle
com.app.feng.treelistview.R$attr: int actionBarTabStyle
com.app.feng.treelistview.R$attr: int actionBarTabTextStyle
com.app.feng.treelistview.R$attr: int actionBarTheme
com.app.feng.treelistview.R$attr: int actionBarWidgetTheme
com.app.feng.treelistview.R$attr: int actionButtonStyle
com.app.feng.treelistview.R$attr: int actionDropDownStyle
com.app.feng.treelistview.R$attr: int actionLayout
com.app.feng.treelistview.R$attr: int actionMenuTextAppearance
com.app.feng.treelistview.R$attr: int actionMenuTextColor
com.app.feng.treelistview.R$attr: int actionModeBackground
com.app.feng.treelistview.R$attr: int actionModeCloseButtonStyle
com.app.feng.treelistview.R$attr: int actionModeCloseDrawable
com.app.feng.treelistview.R$attr: int actionModeCopyDrawable
com.app.feng.treelistview.R$attr: int actionModeCutDrawable
com.app.feng.treelistview.R$attr: int actionModeFindDrawable
com.app.feng.treelistview.R$attr: int actionModePasteDrawable
com.app.feng.treelistview.R$attr: int actionModePopupWindowStyle
com.app.feng.treelistview.R$attr: int actionModeSelectAllDrawable
com.app.feng.treelistview.R$bool: int abc_action_bar_embed_tabs
com.app.feng.treelistview.R$bool: int abc_action_bar_embed_tabs_pre_jb
com.app.feng.treelistview.R$bool: int abc_action_bar_expanded_action_views_exclusive
com.app.feng.treelistview.R$bool: int abc_config_actionMenuItemAllCaps
com.app.feng.treelistview.R$bool: int abc_config_allowActionMenuItemTextWithIcon
com.app.feng.treelistview.R$bool: int abc_config_closeDialogWhenTouchOutside
com.app.feng.treelistview.R$bool: int abc_config_showMenuShortcutsWhenKeyboardPresent