app/mapping.txt
com.app.feng.sendfestivalsmsdemo.activity.AboutMeActivity -> com.app.feng.sendfestivalsmsdemo.activity.AboutMeActivity:
    void onCreate(android.os.Bundle) -> onCreate
    boolean onCreateOptionsMenu(android.view.Menu) -> onCreateOptionsMenu
    boolean onOptionsItemSelected(android.view.MenuItem) -> onOptionsItemSelected
com.app.feng.sendfestivalsmsdemo.activity.ChooseMessageActivity -> com.app.feng.sendfestivalsmsdemo.activity.ChooseMessageActivity:
    int LOADER_ID -> o
    com.app.feng.sendfestivalsmsdemo.element.AutoLoadListView listView -> p
    android.support.design.widget.FloatingActionButton fabToSend -> q
    com.tencent.tauth.Tencent tencent -> r
    com.tencent.mm.sdk.openapi.IWXAPI iwxapi -> n
    com.app.feng.sendfestivalsmsdemo.control.ChooseMessageListViewButtonListener listener -> s
    android.widget.CursorAdapter cursorAdapter -> t
    java.lang.String festivalName -> u
    android.view.LayoutInflater layoutInflater -> v
    com.app.feng.sendfestivalsmsdemo.control.HttpRequest httpRequest -> w
    int index -> x
    int btn_index -> y
    android.os.Handler myHandler -> z
    void onCreate(android.os.Bundle) -> onCreate
    void initStatucBar() -> m
    void setupAdapter() -> n
    void initLoader() -> o
    void initIntenet() -> p
    void initEvent() -> q
    void initView() -> r
    boolean onCreateOptionsMenu(android.view.Menu) -> onCreateOptionsMenu
    boolean onOptionsItemSelected(android.view.MenuItem) -> onOptionsItemSelected
    boolean OnLoading() -> k
    com.app.feng.sendfestivalsmsdemo.element.AutoLoadListView access$000(com.app.feng.sendfestivalsmsdemo.activity.ChooseMessageActivity) -> a
    android.view.LayoutInflater access$200(com.app.feng.sendfestivalsmsdemo.activity.ChooseMessageActivity) -> b
com.app.feng.sendfestivalsmsdemo.activity.ChooseMessageActivity$1 -> com.app.feng.sendfestivalsmsdemo.activity.a:
    com.app.feng.sendfestivalsmsdemo.activity.ChooseMessageActivity this$0 -> a
    android.view.View newView(android.content.Context,android.database.Cursor,android.view.ViewGroup) -> newView
    void bindView(android.view.View,android.content.Context,android.database.Cursor) -> bindView
com.app.feng.sendfestivalsmsdemo.activity.ChooseMessageActivity$1$1 -> com.app.feng.sendfestivalsmsdemo.activity.b:
    java.lang.StringBuilder val$smsbuilder -> a
    android.widget.ToggleButton val$btn_star -> b
    com.app.feng.sendfestivalsmsdemo.activity.ChooseMessageActivity$1 this$1 -> c
    void run() -> run
com.app.feng.sendfestivalsmsdemo.activity.ChooseMessageActivity$1$2 -> com.app.feng.sendfestivalsmsdemo.activity.c:
    android.widget.TextView val$textView -> a
    com.app.feng.sendfestivalsmsdemo.activity.ChooseMessageActivity$1 this$1 -> b
    void onClick(android.view.View) -> onClick
com.app.feng.sendfestivalsmsdemo.activity.ChooseMessageActivity$2 -> com.app.feng.sendfestivalsmsdemo.activity.d:
    com.app.feng.sendfestivalsmsdemo.activity.ChooseMessageActivity this$0 -> a
    android.content.Loader onCreateLoader(int,android.os.Bundle) -> onCreateLoader
    void onLoadFinished(android.content.Loader,android.database.Cursor) -> a
    void onLoaderReset(android.content.Loader) -> onLoaderReset
    void onLoadFinished(android.content.Loader,java.lang.Object) -> onLoadFinished
com.app.feng.sendfestivalsmsdemo.activity.ChooseMessageActivity$3 -> com.app.feng.sendfestivalsmsdemo.activity.e:
    com.app.feng.sendfestivalsmsdemo.activity.ChooseMessageActivity this$0 -> a
    void onClick(android.view.View) -> onClick
com.app.feng.sendfestivalsmsdemo.activity.ChooseMessageActivity$4 -> com.app.feng.sendfestivalsmsdemo.activity.f:
    android.widget.ImageView val$imageView -> a
    com.app.feng.sendfestivalsmsdemo.activity.ChooseMessageActivity this$0 -> b
    void onClick(android.view.View) -> onClick
...
android.support.v7.internal.widget.ActionBarContextView -> android.support.v7.internal.widget.ActionBarContextView:
    java.lang.CharSequence mTitle -> j
    java.lang.CharSequence mSubtitle -> k
    android.view.View mClose -> l
    android.view.View mCustomView -> m
    android.widget.LinearLayout mTitleLayout -> n
    android.widget.TextView mTitleView -> o
    android.widget.TextView mSubtitleView -> p
    int mTitleStyleRes -> q
    int mSubtitleStyleRes -> r
    android.graphics.drawable.Drawable mSplitBackground -> s
    boolean mTitleOptional -> t
    int mCloseItemLayout -> u
    android.support.v7.internal.view.ViewPropertyAnimatorCompatSet mCurrentAnimation -> v
    boolean mAnimateInOnLayout -> w
    int mAnimationMode -> x
    void onDetachedFromWindow() -> onDetachedFromWindow
    void setSplitToolbar(boolean) -> setSplitToolbar
    void setContentHeight(int) -> setContentHeight
    void setCustomView(android.view.View) -> setCustomView
    void setTitle(java.lang.CharSequence) -> setTitle
    void setSubtitle(java.lang.CharSequence) -> setSubtitle
    java.lang.CharSequence getTitle() -> getTitle
    java.lang.CharSequence getSubtitle() -> getSubtitle
    void initTitle() -> e
    void initForMode(android.support.v7.view.ActionMode) -> a
    void closeMode() -> b
    void finishAnimation() -> f
    void killMode() -> c
    boolean showOverflowMenu() -> a
    android.view.ViewGroup$LayoutParams generateDefaultLayoutParams() -> generateDefaultLayoutParams
android.support.v7.internal.widget.ActionBarContextView$1 -> android.support.v7.internal.widget.g:
    android.support.v7.view.ActionMode val$mode -> a
    android.support.v7.internal.widget.ActionBarContextView this$0 -> b
    void onClick(android.view.View) -> onClick
android.support.v7.internal.widget.ActionBarOverlayLayout -> android.support.v7.internal.widget.ActionBarOverlayLayout:
    int mActionBarHeight -> b
    int mWindowVisibility -> c
    android.support.v7.internal.widget.ContentFrameLayout mContent -> d
    android.support.v7.internal.widget.ActionBarContainer mActionBarBottom -> e
    android.support.v7.internal.widget.ActionBarContainer mActionBarTop -> f
    android.support.v7.internal.widget.DecorToolbar mDecorToolbar -> g
    android.graphics.drawable.Drawable mWindowContentOverlay -> h
    boolean mIgnoreWindowContentOverlay -> i
    boolean mOverlayMode -> j
    boolean mHasNonEmbeddedTabs -> k
    boolean mHideOnContentScroll -> l
    boolean mAnimatingForFling -> m
    int mHideOnContentScrollReference -> n
    int mLastSystemUiVisibility -> o
    android.graphics.Rect mBaseContentInsets -> p
    android.graphics.Rect mLastBaseContentInsets -> q
    android.graphics.Rect mContentInsets -> r
    android.graphics.Rect mBaseInnerInsets -> s
    android.graphics.Rect mInnerInsets -> t
    android.graphics.Rect mLastInnerInsets -> u
    android.support.v7.internal.widget.ActionBarOverlayLayout$ActionBarVisibilityCallback mActionBarVisibilityCallback -> v
    int ACTION_BAR_ANIMATE_DELAY -> w
    android.support.v4.widget.ScrollerCompat mFlingEstimator -> x
    android.support.v4.view.ViewPropertyAnimatorCompat mCurrentActionBarTopAnimator -> y
android.support.v7.internal.widget.ActionBarOverlayLayout$1 -> android.support.v7.internal.widget.h:
    android.support.v7.internal.widget.ActionBarOverlayLayout this$0 -> a
    void onAnimationEnd(android.view.View) -> b
    void onAnimationCancel(android.view.View) -> c
android.support.v7.internal.widget.ActionBarOverlayLayout$2 -> android.support.v7.internal.widget.i:
    android.support.v7.internal.widget.ActionBarOverlayLayout this$0 -> a
    void onAnimationEnd(android.view.View) -> b
    void onAnimationCancel(android.view.View) -> c
android.support.v7.internal.widget.ActionBarOverlayLayout$3 -> android.support.v7.internal.widget.j:
    android.support.v7.internal.widget.ActionBarOverlayLayout this$0 -> a
    void run() -> run