app/unused.txt
com.app.feng.sendfestivalsmsdemo.BuildConfig
com.app.feng.sendfestivalsmsdemo.R
com.app.feng.sendfestivalsmsdemo.R$anim
com.app.feng.sendfestivalsmsdemo.R$attr
com.app.feng.sendfestivalsmsdemo.R$bool
com.app.feng.sendfestivalsmsdemo.R$color
com.app.feng.sendfestivalsmsdemo.R$dimen
com.app.feng.sendfestivalsmsdemo.R$drawable
com.app.feng.sendfestivalsmsdemo.R$id
com.app.feng.sendfestivalsmsdemo.R$integer
com.app.feng.sendfestivalsmsdemo.R$layout
com.app.feng.sendfestivalsmsdemo.R$menu
com.app.feng.sendfestivalsmsdemo.R$mipmap
com.app.feng.sendfestivalsmsdemo.R$string
com.app.feng.sendfestivalsmsdemo.R$style
com.app.feng.sendfestivalsmsdemo.R$styleable
com.app.feng.sendfestivalsmsdemo.activity.ChooseMessageActivity:
    public static final java.lang.String PREFERENCES
    private static final java.lang.String TENCENT_APP_ID
    private static final java.lang.String WX_APP_ID
com.app.feng.sendfestivalsmsdemo.activity.MainActivity:
    private android.support.design.widget.TabLayout tabLayout
com.app.feng.sendfestivalsmsdemo.activity.SendMessageActivity:
    private static final int SEND_CONTENT_REQUEST
    public static final java.lang.String SENT
    public static final java.lang.String DELIVERY
com.app.feng.sendfestivalsmsdemo.control.HttpRequest:
    private static final java.lang.String AIZHUFU_URL
    public static final int STATUS_ERROR
    public static final int INFORMATION
    71:72:public void setIndexNum(int)
com.app.feng.sendfestivalsmsdemo.control.MessageProvider:
    private static final java.lang.String PRIVIDER_NAME
    public static final int FESTIVAL_ALL
    public static final int MSG_ALL
com.app.feng.sendfestivalsmsdemo.control.SmsCollectProvider:
    private static final java.lang.String PRIVIDER_NAME
    public static final int COLLECT_ALL
    public static final int COLLECT_ONE
com.app.feng.sendfestivalsmsdemo.control.SmsHistoryProvider:
    private static final java.lang.String PRIVIDER_NAME
    public static final int SMS_ALL
    public static final int SMS_ONE
com.app.feng.sendfestivalsmsdemo.control.SmsSQLOpenHelper:
    private static final java.lang.String DB_name
    private static final int DB_version
com.app.feng.sendfestivalsmsdemo.element.CollectMessage:
    private int id
    private java.lang.String festivalName
    private java.lang.String content
    10:14:public CollectMessage(java.lang.String,java.lang.String,int)
    21:21:public int getId()
    25:26:public void setId(int)
    29:29:public java.lang.String getContent()
    33:34:public void setContent(java.lang.String)
    37:37:public java.lang.String getFestivalName()
    41:42:public void setFestivalName(java.lang.String)
com.app.feng.sendfestivalsmsdemo.element.Festival:
    17:22:public Festival(com.app.feng.sendfestivalsmsdemo.element.Festival)
    34:34:public int getId()
    38:39:public void setId(int)
    42:43:public void setName(java.lang.String)
com.app.feng.sendfestivalsmsdemo.element.HistoryMessage:
    private int id
    public static final java.lang.String TABLE_NAME
    public static final java.lang.String COLUMN_MSG
    public static final java.lang.String COLUMN_NAME
    public static final java.lang.String COLUMN_NUMBER
    public static final java.lang.String COLUMN_FESTIVAL_NAME
    public static final java.lang.String COLUMN_DATE
    48:48:public java.util.Date getDate()
    56:56:public int getId()
    60:61:public void setId(int)
com.app.feng.sendfestivalsmsdemo.element.Msg:
    22:23:public void setFestivalName(java.lang.String)
    28:32:public Msg(com.app.feng.sendfestivalsmsdemo.element.Msg)
    45:46:public void setContent(java.lang.String)
    50:50:public int getId()
    54:55:public void setId(int)
com.app.feng.sendfestivalsmsdemo.fragment.FestivalSmsCollectFragment:
    private static final int LOADER_ID
com.app.feng.sendfestivalsmsdemo.fragment.FestivalTypeFragment:
    private static final java.lang.String ARG_PARAM1
    private static final java.lang.String ARG_PARAM2
...
android.support.v7.widget.AppCompatCheckedTextView:
    42:43:public AppCompatCheckedTextView(android.content.Context)
android.support.v7.widget.AppCompatEditText:
    50:51:public AppCompatEditText(android.content.Context)
android.support.v7.widget.AppCompatMultiAutoCompleteTextView:
    53:54:public AppCompatMultiAutoCompleteTextView(android.content.Context)
android.support.v7.widget.AppCompatRadioButton:
    45:46:public AppCompatRadioButton(android.content.Context)
android.support.v7.widget.AppCompatRatingBar:
    56:57:public AppCompatRatingBar(android.content.Context)
android.support.v7.widget.AppCompatSpinner:
    55:56:public AppCompatSpinner(android.content.Context)
android.support.v7.widget.CardView:
    170:172:public void setContentPadding(int,int,int,int)
android.support.v7.widget.CardViewDelegate:
    public abstract float getRadius()
android.support.v7.widget.CardViewImpl:
    public abstract void updatePadding(android.support.v7.widget.CardViewDelegate)
android.support.v7.widget.LinearLayoutCompat:
    public static final int HORIZONTAL
    public static final int VERTICAL
    public static final int SHOW_DIVIDER_NONE
    public static final int SHOW_DIVIDER_BEGINNING
    public static final int SHOW_DIVIDER_MIDDLE
    public static final int SHOW_DIVIDER_END
    private static final int VERTICAL_GRAVITY_COUNT
    private static final int INDEX_CENTER_VERTICAL
    private static final int INDEX_TOP
    private static final int INDEX_BOTTOM
    private static final int INDEX_FILL
    377:377:public boolean isBaselineAligned()
    400:400:public boolean isMeasureWithLargestChildEnabled()
android.support.v7.widget.LinearLayoutCompat$DividerMode
android.support.v7.widget.LinearLayoutCompat$LayoutParams:
    1771:1808:public LinearLayoutCompat$LayoutParams(int,int,float)
    1771:1822:public LinearLayoutCompat$LayoutParams(android.view.ViewGroup$MarginLayoutParams)
    1771:1835:public LinearLayoutCompat$LayoutParams(android.support.v7.widget.LinearLayoutCompat$LayoutParams)
android.support.v7.widget.LinearLayoutCompat$OrientationMode
android.support.v7.widget.ListPopupWindow:
    private static final java.lang.String TAG
    private static final boolean DEBUG
    private static final int EXPAND_LIST_TIMEOUT
    public static final int POSITION_PROMPT_ABOVE
    public static final int POSITION_PROMPT_BELOW
    public static final int MATCH_PARENT
    public static final int WRAP_CONTENT
    public static final int INPUT_METHOD_FROM_FOCUSABLE
    public static final int INPUT_METHOD_NEEDED
    public static final int INPUT_METHOD_NOT_NEEDED
    291:291:public int getPromptPosition()
    314:314:public boolean isModal()
    325:326:public void setForceIgnoreOutsideTouch(boolean)
    340:341:public void setDropDownAlwaysVisible(boolean)
    349:349:public boolean isDropDownAlwaysVisible()
    363:364:public void setSoftInputMode(int)
    373:373:public int getSoftInputMode()
    382:383:public void setListSelector(android.graphics.drawable.Drawable)
    389:389:public android.graphics.drawable.Drawable getBackground()
    407:408:public void setAnimationStyle(int)
    416:416:public int getAnimationStyle()
    442:442:public int getHorizontalOffset()
    451:452:public void setHorizontalOffset(int)
    458:461:public int getVerticalOffset()
    470:472:public void setVerticalOffset(int)
    488:488:public int getWidth()
    521:521:public int getHeight()
    530:531:public void setHeight(int)
    552:553:public void setOnItemSelectedListener(android.widget.AdapterView$OnItemSelectedListener)
android.support.v7.widget.ListPopupWindow$1:
    1033:1033:ListPopupWindow$1(android.support.v7.widget.ListPopupWindow,android.view.View)
android.support.v7.widget.PopupMenu
android.support.v7.widget.PopupMenu$1
android.support.v7.widget.PopupMenu$OnDismissListener
android.support.v7.widget.PopupMenu$OnMenuItemClickListener
android.support.v7.widget.RoundRectDrawableWithShadow:
    static final float SHADOW_MULTIPLIER